[ 2014-06-06T11:43:03+08:00 ] 127.0.0.1 /demo/curd/
INFO: [ app_begin ] --START--
INFO: ReadHtmlCache Behavior ::run [ RunTime:0.001232s ]
INFO: [ app_begin ] --END-- [ RunTime:0.001378s ]
SQL: SHOW COLUMNS FROM `think_form` [ RunTime:0.003591s ]
SQL: SELECT * FROM `think_form` ORDER BY id desc LIMIT 3   [ RunTime:0.000388s ]
INFO: [ view_parse ] --START--
NOTIC: [8] Undefined index:  email E:\Tools\APMServ5.2.6\www\htdocs\demo\curd\Runtime\Cache\f12c0a77906a0f355c95666536d66c0f.php 第 39 行.
NOTIC: [8] Undefined index:  email E:\Tools\APMServ5.2.6\www\htdocs\demo\curd\Runtime\Cache\f12c0a77906a0f355c95666536d66c0f.php 第 39 行.
NOTIC: [8] Undefined index:  email E:\Tools\APMServ5.2.6\www\htdocs\demo\curd\Runtime\Cache\f12c0a77906a0f355c95666536d66c0f.php 第 39 行.
INFO: ParseTemplate Behavior ::run [ RunTime:0.022464s ]
INFO: [ view_parse ] --END-- [ RunTime:0.022552s ]
INFO: [ view_filter ] --START--
INFO: ContentReplace Behavior ::run [ RunTime:0.000759s ]
INFO: TokenBuild Behavior ::run [ RunTime:0.000690s ]
INFO: WriteHtmlCache Behavior ::run [ RunTime:0.000646s ]
INFO: ShowRuntime Behavior ::run [ RunTime:0.000709s ]
INFO: [ view_filter ] --END-- [ RunTime:0.002977s ]
INFO: [ view_end ] --START--
INFO: ShowPageTrace Behavior ::run [ RunTime:0.000684s ]
INFO: [ view_end ] --END-- [ RunTime:0.000745s ]

[ 2014-06-06T11:43:10+08:00 ] 127.0.0.1 /demo/curd/Index/edit/id/3
INFO: [ route_check ] --START--
INFO: CheckRoute Behavior ::run [ RunTime:0.000589s ]
INFO: [ route_check ] --END-- [ RunTime:0.000669s ]
INFO: [ app_begin ] --START--
INFO: ReadHtmlCache Behavior ::run [ RunTime:0.000570s ]
INFO: [ app_begin ] --END-- [ RunTime:0.000626s ]
SQL: SHOW COLUMNS FROM `think_form` [ RunTime:0.002515s ]
SQL: SELECT * FROM `think_form` WHERE ( `id` = 3 ) LIMIT 1   [ RunTime:0.000199s ]
INFO: [ view_parse ] --START--
INFO: ParseTemplate Behavior ::run [ RunTime:0.008308s ]
INFO: [ view_parse ] --END-- [ RunTime:0.008396s ]
INFO: [ view_filter ] --START--
INFO: ContentReplace Behavior ::run [ RunTime:0.000981s ]
INFO: TokenBuild Behavior ::run [ RunTime:0.000567s ]
INFO: WriteHtmlCache Behavior ::run [ RunTime:0.000900s ]
INFO: ShowRuntime Behavior ::run [ RunTime:0.000959s ]
INFO: [ view_filter ] --END-- [ RunTime:0.003557s ]
INFO: [ view_end ] --START--
INFO: ShowPageTrace Behavior ::run [ RunTime:0.000934s ]
INFO: [ view_end ] --END-- [ RunTime:0.000987s ]

[ 2014-06-06T11:43:23+08:00 ] 127.0.0.1 /demo/curd/Index/delete/id/2
INFO: [ route_check ] --START--
INFO: CheckRoute Behavior ::run [ RunTime:0.000196s ]
INFO: [ route_check ] --END-- [ RunTime:0.000266s ]
INFO: [ app_begin ] --START--
INFO: ReadHtmlCache Behavior ::run [ RunTime:0.000187s ]
INFO: [ app_begin ] --END-- [ RunTime:0.000241s ]
SQL: SHOW COLUMNS FROM `think_form` [ RunTime:0.002696s ]
SQL: DELETE FROM `think_form` WHERE ( `id` = 2 ) [ RunTime:0.000273s ]
INFO: [ view_parse ] --START--
INFO: ParseTemplate Behavior ::run [ RunTime:0.019554s ]
INFO: [ view_parse ] --END-- [ RunTime:0.019643s ]
INFO: [ view_filter ] --START--
INFO: ContentReplace Behavior ::run [ RunTime:0.000793s ]
INFO: TokenBuild Behavior ::run [ RunTime:0.000179s ]
INFO: WriteHtmlCache Behavior ::run [ RunTime:0.000720s ]
INFO: ShowRuntime Behavior ::run [ RunTime:0.000769s ]
INFO: [ view_filter ] --END-- [ RunTime:0.002610s ]
INFO: [ view_end ] --START--
INFO: ShowPageTrace Behavior ::run [ RunTime:0.000759s ]
INFO: [ view_end ] --END-- [ RunTime:0.000811s ]

[ 2014-06-06T11:43:24+08:00 ] 127.0.0.1 /demo/curd/
INFO: [ app_begin ] --START--
INFO: ReadHtmlCache Behavior ::run [ RunTime:0.000232s ]
INFO: [ app_begin ] --END-- [ RunTime:0.000317s ]
SQL: SHOW COLUMNS FROM `think_form` [ RunTime:0.003029s ]
SQL: SELECT * FROM `think_form` ORDER BY id desc LIMIT 3   [ RunTime:0.000251s ]
INFO: [ view_parse ] --START--
NOTIC: [8] Undefined index:  email E:\Tools\APMServ5.2.6\www\htdocs\demo\curd\Runtime\Cache\f12c0a77906a0f355c95666536d66c0f.php 第 39 行.
NOTIC: [8] Undefined index:  email E:\Tools\APMServ5.2.6\www\htdocs\demo\curd\Runtime\Cache\f12c0a77906a0f355c95666536d66c0f.php 第 39 行.
INFO: ParseTemplate Behavior ::run [ RunTime:0.011069s ]
INFO: [ view_parse ] --END-- [ RunTime:0.011157s ]
INFO: [ view_filter ] --START--
INFO: ContentReplace Behavior ::run [ RunTime:0.001006s ]
INFO: TokenBuild Behavior ::run [ RunTime:0.000178s ]
INFO: WriteHtmlCache Behavior ::run [ RunTime:0.000643s ]
INFO: ShowRuntime Behavior ::run [ RunTime:0.000686s ]
INFO: [ view_filter ] --END-- [ RunTime:0.002657s ]
INFO: [ view_end ] --START--
INFO: ShowPageTrace Behavior ::run [ RunTime:0.000668s ]
INFO: [ view_end ] --END-- [ RunTime:0.000714s ]

[ 2014-06-06T11:43:44+08:00 ] 127.0.0.1 /demo/curd/Index/add
INFO: [ route_check ] --START--
INFO: CheckRoute Behavior ::run [ RunTime:0.000202s ]
INFO: [ route_check ] --END-- [ RunTime:0.000283s ]
INFO: [ app_begin ] --START--
INFO: ReadHtmlCache Behavior ::run [ RunTime:0.000190s ]
INFO: [ app_begin ] --END-- [ RunTime:0.000244s ]
NOTIC: [8] Constant THEME_NAME already defined E:\Tools\APMServ5.2.6\www\htdocs\demo\ThinkPHP\Lib\Core\View.class.php 第 223 行.
NOTIC: [8] Constant THEME_PATH already defined E:\Tools\APMServ5.2.6\www\htdocs\demo\ThinkPHP\Lib\Core\View.class.php 第 174 行.
NOTIC: [8] Constant APP_TMPL_PATH already defined E:\Tools\APMServ5.2.6\www\htdocs\demo\ThinkPHP\Lib\Core\View.class.php 第 175 行.
INFO: [ view_parse ] --START--
INFO: ParseTemplate Behavior ::run [ RunTime:0.018799s ]
INFO: [ view_parse ] --END-- [ RunTime:0.018896s ]
INFO: [ view_filter ] --START--
INFO: ContentReplace Behavior ::run [ RunTime:0.000825s ]
INFO: TokenBuild Behavior ::run [ RunTime:0.000181s ]
INFO: WriteHtmlCache Behavior ::run [ RunTime:0.000731s ]
INFO: ShowRuntime Behavior ::run [ RunTime:0.000768s ]
INFO: [ view_filter ] --END-- [ RunTime:0.002649s ]
INFO: [ view_end ] --START--
INFO: ShowPageTrace Behavior ::run [ RunTime:0.000746s ]
INFO: [ view_end ] --END-- [ RunTime:0.000798s ]

[ 2014-06-06T11:43:51+08:00 ] 127.0.0.1 /demo/curd/Index/edit/id/1
INFO: [ route_check ] --START--
INFO: CheckRoute Behavior ::run [ RunTime:0.000202s ]
INFO: [ route_check ] --END-- [ RunTime:0.000277s ]
INFO: [ app_begin ] --START--
INFO: ReadHtmlCache Behavior ::run [ RunTime:0.000188s ]
INFO: [ app_begin ] --END-- [ RunTime:0.000242s ]
SQL: SHOW COLUMNS FROM `think_form` [ RunTime:0.002745s ]
SQL: SELECT * FROM `think_form` WHERE ( `id` = 1 ) LIMIT 1   [ RunTime:0.000206s ]
INFO: [ view_parse ] --START--
INFO: ParseTemplate Behavior ::run [ RunTime:0.007789s ]
INFO: [ view_parse ] --END-- [ RunTime:0.007875s ]
INFO: [ view_filter ] --START--
INFO: ContentReplace Behavior ::run [ RunTime:0.000795s ]
INFO: TokenBuild Behavior ::run [ RunTime:0.000181s ]
INFO: WriteHtmlCache Behavior ::run [ RunTime:0.000719s ]
INFO: ShowRuntime Behavior ::run [ RunTime:0.000762s ]
INFO: [ view_filter ] --END-- [ RunTime:0.002601s ]
INFO: [ view_end ] --START--
INFO: ShowPageTrace Behavior ::run [ RunTime:0.000742s ]
INFO: [ view_end ] --END-- [ RunTime:0.000794s ]

[ 2014-06-06T11:43:57+08:00 ] 127.0.0.1 /demo/curd/Index/update
INFO: [ route_check ] --START--
INFO: CheckRoute Behavior ::run [ RunTime:0.000192s ]
INFO: [ route_check ] --END-- [ RunTime:0.000273s ]
INFO: [ app_begin ] --START--
INFO: ReadHtmlCache Behavior ::run [ RunTime:0.000179s ]
INFO: [ app_begin ] --END-- [ RunTime:0.000231s ]
SQL: SHOW COLUMNS FROM `think_form` [ RunTime:0.002372s ]
NOTIC: [8] Undefined index:  email E:\Tools\APMServ5.2.6\www\htdocs\demo\ThinkPHP\Lib\Core\Model.class.php 第 974 行.
SQL: UPDATE `think_form` SET `title`='ajax提交表单1',`content`='ajax提交表单ajax提交表单ajax提交表单ajax提交表单' WHERE ( `id` = 1 ) [ RunTime:0.000238s ]
INFO: [ view_parse ] --START--
INFO: ParseTemplate Behavior ::run [ RunTime:0.006972s ]
INFO: [ view_parse ] --END-- [ RunTime:0.007042s ]
INFO: [ view_filter ] --START--
INFO: ContentReplace Behavior ::run [ RunTime:0.000711s ]
INFO: TokenBuild Behavior ::run [ RunTime:0.000164s ]
INFO: WriteHtmlCache Behavior ::run [ RunTime:0.000650s ]
INFO: ShowRuntime Behavior ::run [ RunTime:0.000688s ]
INFO: [ view_filter ] --END-- [ RunTime:0.002343s ]
INFO: [ view_end ] --START--
INFO: ShowPageTrace Behavior ::run [ RunTime:0.000671s ]
INFO: [ view_end ] --END-- [ RunTime:0.000716s ]

[ 2014-06-06T11:43:59+08:00 ] 127.0.0.1 /demo/curd/Index/index.html
INFO: [ route_check ] --START--
INFO: CheckRoute Behavior ::run [ RunTime:0.000412s ]
INFO: [ route_check ] --END-- [ RunTime:0.000557s ]
INFO: [ app_begin ] --START--
INFO: ReadHtmlCache Behavior ::run [ RunTime:0.000391s ]
INFO: [ app_begin ] --END-- [ RunTime:0.000505s ]
SQL: SHOW COLUMNS FROM `think_form` [ RunTime:0.002433s ]
SQL: SELECT * FROM `think_form` ORDER BY id desc LIMIT 3   [ RunTime:0.000212s ]
INFO: [ view_parse ] --START--
NOTIC: [8] Undefined index:  email E:\Tools\APMServ5.2.6\www\htdocs\demo\curd\Runtime\Cache\f12c0a77906a0f355c95666536d66c0f.php 第 39 行.
NOTIC: [8] Undefined index:  email E:\Tools\APMServ5.2.6\www\htdocs\demo\curd\Runtime\Cache\f12c0a77906a0f355c95666536d66c0f.php 第 39 行.
INFO: ParseTemplate Behavior ::run [ RunTime:0.008700s ]
INFO: [ view_parse ] --END-- [ RunTime:0.008769s ]
INFO: [ view_filter ] --START--
INFO: ContentReplace Behavior ::run [ RunTime:0.000793s ]
INFO: TokenBuild Behavior ::run [ RunTime:0.000171s ]
INFO: WriteHtmlCache Behavior ::run [ RunTime:0.000693s ]
INFO: ShowRuntime Behavior ::run [ RunTime:0.000736s ]
INFO: [ view_filter ] --END-- [ RunTime:0.002530s ]
INFO: [ view_end ] --START--
INFO: ShowPageTrace Behavior ::run [ RunTime:0.000688s ]
INFO: [ view_end ] --END-- [ RunTime:0.000744s ]

[ 2014-06-06T11:53:40+08:00 ] 0.0.0.0 
INFO: [ route_check ] --START--
INFO: CheckRoute Behavior ::run [ RunTime:0.002694s ]
INFO: [ route_check ] --END-- [ RunTime:0.003797s ]
NOTIC: [8] Undefined index: REQUEST_URI E:\Tools\APMServ5.2.6\www\htdocs\demo\ThinkPHP\Lib\Core\Dispatcher.class.php 第 141 行.
INFO: [ app_begin ] --START--
INFO: ReadHtmlCache Behavior ::run [ RunTime:0.002491s ]
INFO: [ app_begin ] --END-- [ RunTime:0.003229s ]
NOTIC: [8] Undefined variable: group E:\Tools\APMServ5.2.6\www\htdocs\demo\ThinkPHP\Lib\Core\App.class.php 第 95 行.
ERR: 无法加载模块:C:\Users\jinweile\AppData\Local\Temp\dummy.php
NOTIC: [8] Undefined index: REQUEST_URI E:\Tools\APMServ5.2.6\www\htdocs\demo\ThinkPHP\Lib\Core\Log.class.php 第 82 行.

