[ 2014-06-05T00:50:25+08:00 ] 127.0.0.1 /demo/ajax/index.php/Index/index
INFO: [ route_check ] --START--
INFO: CheckRoute Behavior ::run [ RunTime:0.026629s ]
INFO: [ route_check ] --END-- [ RunTime:0.026746s ]
INFO: [ app_begin ] --START--
INFO: ReadHtmlCache Behavior ::run [ RunTime:0.014672s ]
INFO: [ app_begin ] --END-- [ RunTime:0.014760s ]
SQL: SHOW COLUMNS FROM `think_form` [ RunTime:0.009421s ]
SQL: SELECT * FROM `think_form` ORDER BY id desc LIMIT 3   [ RunTime:0.000245s ]
INFO: [ view_parse ] --START--
INFO: ParseTemplate Behavior ::run [ RunTime:0.133830s ]
INFO: [ view_parse ] --END-- [ RunTime:0.133944s ]
INFO: [ view_filter ] --START--
INFO: ContentReplace Behavior ::run [ RunTime:0.008775s ]
INFO: TokenBuild Behavior ::run [ RunTime:0.003921s ]
INFO: WriteHtmlCache Behavior ::run [ RunTime:0.003281s ]
INFO: ShowRuntime Behavior ::run [ RunTime:0.005693s ]
INFO: [ view_filter ] --END-- [ RunTime:0.021887s ]
INFO: [ view_end ] --START--
INFO: ShowPageTrace Behavior ::run [ RunTime:0.009738s ]
INFO: [ view_end ] --END-- [ RunTime:0.009812s ]

[ 2014-06-05T00:50:34+08:00 ] 127.0.0.1 /demo/ajax/index.php/Index/index
INFO: [ route_check ] --START--
INFO: CheckRoute Behavior ::run [ RunTime:0.001422s ]
INFO: [ route_check ] --END-- [ RunTime:0.001585s ]
INFO: [ app_begin ] --START--
INFO: ReadHtmlCache Behavior ::run [ RunTime:0.001278s ]
INFO: [ app_begin ] --END-- [ RunTime:0.001410s ]
SQL: SHOW COLUMNS FROM `think_form` [ RunTime:0.002544s ]
SQL: SELECT * FROM `think_form` ORDER BY id desc LIMIT 3   [ RunTime:0.000191s ]
INFO: [ view_parse ] --START--
INFO: ParseTemplate Behavior ::run [ RunTime:0.011466s ]
INFO: [ view_parse ] --END-- [ RunTime:0.011534s ]
INFO: [ view_filter ] --START--
INFO: ContentReplace Behavior ::run [ RunTime:0.000563s ]
INFO: TokenBuild Behavior ::run [ RunTime:0.000536s ]
INFO: WriteHtmlCache Behavior ::run [ RunTime:0.000482s ]
INFO: ShowRuntime Behavior ::run [ RunTime:0.000520s ]
INFO: [ view_filter ] --END-- [ RunTime:0.002228s ]
INFO: [ view_end ] --START--
INFO: ShowPageTrace Behavior ::run [ RunTime:0.000502s ]
INFO: [ view_end ] --END-- [ RunTime:0.000547s ]

[ 2014-06-05T00:50:41+08:00 ] 127.0.0.1 /demo/ajax/index.php/Index/index
INFO: [ route_check ] --START--
INFO: CheckRoute Behavior ::run [ RunTime:0.001332s ]
INFO: [ route_check ] --END-- [ RunTime:0.001486s ]
INFO: [ app_begin ] --START--
INFO: ReadHtmlCache Behavior ::run [ RunTime:0.000594s ]
INFO: [ app_begin ] --END-- [ RunTime:0.000644s ]
SQL: SHOW COLUMNS FROM `think_form` [ RunTime:0.002530s ]
SQL: SELECT * FROM `think_form` ORDER BY id desc LIMIT 3   [ RunTime:0.000181s ]
INFO: [ view_parse ] --START--
INFO: ParseTemplate Behavior ::run [ RunTime:0.011486s ]
INFO: [ view_parse ] --END-- [ RunTime:0.011557s ]
INFO: [ view_filter ] --START--
INFO: ContentReplace Behavior ::run [ RunTime:0.000580s ]
INFO: TokenBuild Behavior ::run [ RunTime:0.000529s ]
INFO: WriteHtmlCache Behavior ::run [ RunTime:0.000526s ]
INFO: ShowRuntime Behavior ::run [ RunTime:0.000547s ]
INFO: [ view_filter ] --END-- [ RunTime:0.002310s ]
INFO: [ view_end ] --START--
INFO: ShowPageTrace Behavior ::run [ RunTime:0.000523s ]
INFO: [ view_end ] --END-- [ RunTime:0.000568s ]

[ 2014-06-05T00:50:46+08:00 ] 127.0.0.1 /demo/ajax/index.php/Index/index
INFO: [ route_check ] --START--
INFO: CheckRoute Behavior ::run [ RunTime:0.000236s ]
INFO: [ route_check ] --END-- [ RunTime:0.000324s ]
INFO: [ app_begin ] --START--
INFO: ReadHtmlCache Behavior ::run [ RunTime:0.000231s ]
INFO: [ app_begin ] --END-- [ RunTime:0.000295s ]
SQL: SHOW COLUMNS FROM `think_form` [ RunTime:0.003270s ]
SQL: SELECT * FROM `think_form` ORDER BY id desc LIMIT 3   [ RunTime:0.000260s ]
INFO: [ view_parse ] --START--
INFO: ParseTemplate Behavior ::run [ RunTime:0.008074s ]
INFO: [ view_parse ] --END-- [ RunTime:0.008173s ]
INFO: [ view_filter ] --START--
INFO: ContentReplace Behavior ::run [ RunTime:0.000267s ]
INFO: TokenBuild Behavior ::run [ RunTime:0.000223s ]
INFO: WriteHtmlCache Behavior ::run [ RunTime:0.000182s ]
INFO: ShowRuntime Behavior ::run [ RunTime:0.000237s ]
INFO: [ view_filter ] --END-- [ RunTime:0.001075s ]
INFO: [ view_end ] --START--
INFO: ShowPageTrace Behavior ::run [ RunTime:0.000211s ]
INFO: [ view_end ] --END-- [ RunTime:0.000270s ]

[ 2014-06-05T00:53:42+08:00 ] 127.0.0.1 /demo/ajax/index.php/Index/index
INFO: [ route_check ] --START--
INFO: CheckRoute Behavior ::run [ RunTime:0.000658s ]
INFO: [ route_check ] --END-- [ RunTime:0.000757s ]
INFO: [ app_begin ] --START--
INFO: ReadHtmlCache Behavior ::run [ RunTime:0.000676s ]
INFO: [ app_begin ] --END-- [ RunTime:0.000729s ]
SQL: SHOW COLUMNS FROM `think_form` [ RunTime:0.003061s ]
SQL: SELECT * FROM `think_form` ORDER BY id desc LIMIT 3   [ RunTime:0.000192s ]
INFO: [ view_parse ] --START--
INFO: ParseTemplate Behavior ::run [ RunTime:0.008154s ]
INFO: [ view_parse ] --END-- [ RunTime:0.008267s ]
INFO: [ view_filter ] --START--
INFO: ContentReplace Behavior ::run [ RunTime:0.000586s ]
INFO: TokenBuild Behavior ::run [ RunTime:0.000565s ]
INFO: WriteHtmlCache Behavior ::run [ RunTime:0.000494s ]
INFO: ShowRuntime Behavior ::run [ RunTime:0.000657s ]
INFO: [ view_filter ] --END-- [ RunTime:0.002433s ]
INFO: [ view_end ] --START--
INFO: ShowPageTrace Behavior ::run [ RunTime:0.000585s ]
INFO: [ view_end ] --END-- [ RunTime:0.000631s ]

[ 2014-06-05T00:54:07+08:00 ] 127.0.0.1 /demo/ajax/index.php/Index/index
INFO: [ route_check ] --START--
INFO: CheckRoute Behavior ::run [ RunTime:0.000259s ]
INFO: [ route_check ] --END-- [ RunTime:0.000360s ]
INFO: [ app_begin ] --START--
INFO: ReadHtmlCache Behavior ::run [ RunTime:0.000280s ]
INFO: [ app_begin ] --END-- [ RunTime:0.000359s ]
SQL: SHOW COLUMNS FROM `think_form` [ RunTime:0.003293s ]
SQL: SELECT * FROM `think_form` ORDER BY id desc LIMIT 3   [ RunTime:0.000195s ]
INFO: [ view_parse ] --START--
INFO: ParseTemplate Behavior ::run [ RunTime:0.008388s ]
INFO: [ view_parse ] --END-- [ RunTime:0.008492s ]
INFO: [ view_filter ] --START--
INFO: ContentReplace Behavior ::run [ RunTime:0.000296s ]
INFO: TokenBuild Behavior ::run [ RunTime:0.000245s ]
INFO: WriteHtmlCache Behavior ::run [ RunTime:0.000195s ]
INFO: ShowRuntime Behavior ::run [ RunTime:0.000262s ]
INFO: [ view_filter ] --END-- [ RunTime:0.001186s ]
INFO: [ view_end ] --START--
INFO: ShowPageTrace Behavior ::run [ RunTime:0.000243s ]
INFO: [ view_end ] --END-- [ RunTime:0.000310s ]

[ 2014-06-05T00:54:19+08:00 ] 127.0.0.1 /demo/ajax/index.php/Index/checkTitle
INFO: [ route_check ] --START--
INFO: CheckRoute Behavior ::run [ RunTime:0.000199s ]
INFO: [ route_check ] --END-- [ RunTime:0.000274s ]
INFO: [ app_begin ] --START--
INFO: ReadHtmlCache Behavior ::run [ RunTime:0.000188s ]
INFO: [ app_begin ] --END-- [ RunTime:0.000238s ]

[ 2014-06-05T00:57:41+08:00 ] 127.0.0.1 /demo/ajax/index.php/Index/index
INFO: [ route_check ] --START--
INFO: CheckRoute Behavior ::run [ RunTime:0.000621s ]
INFO: [ route_check ] --END-- [ RunTime:0.000696s ]
INFO: [ app_begin ] --START--
INFO: ReadHtmlCache Behavior ::run [ RunTime:0.000606s ]
INFO: [ app_begin ] --END-- [ RunTime:0.000665s ]
SQL: SHOW COLUMNS FROM `think_form` [ RunTime:0.003225s ]
SQL: SELECT * FROM `think_form` ORDER BY id desc LIMIT 3   [ RunTime:0.000289s ]
INFO: [ view_parse ] --START--
INFO: ParseTemplate Behavior ::run [ RunTime:0.008345s ]
INFO: [ view_parse ] --END-- [ RunTime:0.008434s ]
INFO: [ view_filter ] --START--
INFO: ContentReplace Behavior ::run [ RunTime:0.000640s ]
INFO: TokenBuild Behavior ::run [ RunTime:0.000568s ]
INFO: WriteHtmlCache Behavior ::run [ RunTime:0.000521s ]
INFO: ShowRuntime Behavior ::run [ RunTime:0.000565s ]
INFO: [ view_filter ] --END-- [ RunTime:0.002435s ]
INFO: [ view_end ] --START--
INFO: ShowPageTrace Behavior ::run [ RunTime:0.000643s ]
INFO: [ view_end ] --END-- [ RunTime:0.000714s ]

[ 2014-06-05T01:31:12+08:00 ] 127.0.0.1 /demo/ajax/index.php/Index/index
INFO: [ route_check ] --START--
INFO: CheckRoute Behavior ::run [ RunTime:0.000546s ]
INFO: [ route_check ] --END-- [ RunTime:0.000615s ]
INFO: [ app_begin ] --START--
INFO: ReadHtmlCache Behavior ::run [ RunTime:0.000351s ]
INFO: [ app_begin ] --END-- [ RunTime:0.000400s ]
SQL: SHOW COLUMNS FROM `think_form` [ RunTime:0.003272s ]
SQL: SELECT * FROM `think_form` ORDER BY id desc LIMIT 3   [ RunTime:0.000194s ]
INFO: [ view_parse ] --START--
INFO: ParseTemplate Behavior ::run [ RunTime:0.007294s ]
INFO: [ view_parse ] --END-- [ RunTime:0.007394s ]
INFO: [ view_filter ] --START--
INFO: ContentReplace Behavior ::run [ RunTime:0.000818s ]
INFO: TokenBuild Behavior ::run [ RunTime:0.000779s ]
INFO: WriteHtmlCache Behavior ::run [ RunTime:0.000339s ]
INFO: ShowRuntime Behavior ::run [ RunTime:0.000742s ]
INFO: [ view_filter ] --END-- [ RunTime:0.002830s ]
INFO: [ view_end ] --START--
INFO: ShowPageTrace Behavior ::run [ RunTime:0.000543s ]
INFO: [ view_end ] --END-- [ RunTime:0.000593s ]

[ 2014-06-05T01:51:39+08:00 ] 127.0.0.1 /demo/ajax/
INFO: [ app_begin ] --START--
INFO: ReadHtmlCache Behavior ::run [ RunTime:0.000696s ]
INFO: [ app_begin ] --END-- [ RunTime:0.000775s ]
SQL: SHOW COLUMNS FROM `think_form` [ RunTime:0.002704s ]
SQL: SELECT * FROM `think_form` ORDER BY id desc LIMIT 3   [ RunTime:0.000139s ]
INFO: [ view_parse ] --START--
INFO: ParseTemplate Behavior ::run [ RunTime:0.014071s ]
INFO: [ view_parse ] --END-- [ RunTime:0.014163s ]
INFO: [ view_filter ] --START--
INFO: ContentReplace Behavior ::run [ RunTime:0.000689s ]
INFO: TokenBuild Behavior ::run [ RunTime:0.000621s ]
INFO: WriteHtmlCache Behavior ::run [ RunTime:0.000553s ]
INFO: ShowRuntime Behavior ::run [ RunTime:0.000652s ]
INFO: [ view_filter ] --END-- [ RunTime:0.002654s ]
INFO: [ view_end ] --START--
INFO: ShowPageTrace Behavior ::run [ RunTime:0.000682s ]
INFO: [ view_end ] --END-- [ RunTime:0.000730s ]

