[ 2014-06-07T13:47:06+08:00 ] 127.0.0.1 /demo/ajax/
INFO: [ app_begin ] --START--
INFO: ReadHtmlCache Behavior ::run [ RunTime:0.007483s ]
INFO: [ app_begin ] --END-- [ RunTime:0.007592s ]
SQL: SHOW COLUMNS FROM `think_form` [ RunTime:0.014055s ]
SQL: SELECT * FROM `think_form` ORDER BY id desc LIMIT 3   [ RunTime:0.000580s ]
INFO: [ view_parse ] --START--
INFO: ParseTemplate Behavior ::run [ RunTime:0.151377s ]
INFO: [ view_parse ] --END-- [ RunTime:0.151498s ]
INFO: [ view_filter ] --START--
INFO: ContentReplace Behavior ::run [ RunTime:0.009924s ]
INFO: TokenBuild Behavior ::run [ RunTime:0.003759s ]
INFO: WriteHtmlCache Behavior ::run [ RunTime:0.003234s ]
INFO: ShowRuntime Behavior ::run [ RunTime:0.003700s ]
INFO: [ view_filter ] --END-- [ RunTime:0.020904s ]
INFO: [ view_end ] --START--
INFO: ShowPageTrace Behavior ::run [ RunTime:0.011516s ]
INFO: [ view_end ] --END-- [ RunTime:0.011667s ]

[ 2014-06-07T13:47:51+08:00 ] 127.0.0.1 /demo/ajax/Index/insert
INFO: [ route_check ] --START--
INFO: CheckRoute Behavior ::run [ RunTime:0.024609s ]
INFO: [ route_check ] --END-- [ RunTime:0.024735s ]
INFO: [ app_begin ] --START--
INFO: ReadHtmlCache Behavior ::run [ RunTime:0.000581s ]
INFO: [ app_begin ] --END-- [ RunTime:0.000637s ]
SQL: SHOW COLUMNS FROM `think_form` [ RunTime:0.002101s ]
SQL: SELECT * FROM `think_form` WHERE ( `title` = 'bhsdfgv' ) LIMIT 1   [ RunTime:0.000315s ]
SQL: INSERT INTO `think_form` (`title`,`content`,`create_time`) VALUES ('bhsdfgv','sdfgsdfvsdf',1402120071) [ RunTime:0.000255s ]

[ 2014-06-07T13:47:53+08:00 ] 127.0.0.1 /demo/ajax/
INFO: [ app_begin ] --START--
INFO: ReadHtmlCache Behavior ::run [ RunTime:0.000211s ]
INFO: [ app_begin ] --END-- [ RunTime:0.000291s ]
SQL: SHOW COLUMNS FROM `think_form` [ RunTime:0.002298s ]
SQL: SELECT * FROM `think_form` ORDER BY id desc LIMIT 3   [ RunTime:0.000223s ]
INFO: [ view_parse ] --START--
INFO: ParseTemplate Behavior ::run [ RunTime:0.009854s ]
INFO: [ view_parse ] --END-- [ RunTime:0.009927s ]
INFO: [ view_filter ] --START--
INFO: ContentReplace Behavior ::run [ RunTime:0.000912s ]
INFO: TokenBuild Behavior ::run [ RunTime:0.000511s ]
INFO: WriteHtmlCache Behavior ::run [ RunTime:0.000880s ]
INFO: ShowRuntime Behavior ::run [ RunTime:0.000986s ]
INFO: [ view_filter ] --END-- [ RunTime:0.003431s ]
INFO: [ view_end ] --START--
INFO: ShowPageTrace Behavior ::run [ RunTime:0.000959s ]
INFO: [ view_end ] --END-- [ RunTime:0.001016s ]

